<?xml version="1.0" encoding="UTF-8"?>
<!-- Generated by org.testng.reporters.JUnitReportReporter -->
<testsuite skipped="0" hostname="rupesh-PC" name="test.pages.TC8" tests="2" failures="0" timestamp="19 Aug 2020 10:47:14 GMT" time="45.264" errors="0">
  <testcase name="Login" time="32.251" classname="test.pages.TC8"/>
  <testcase name="VerifyLinks" time="13.013" classname="test.pages.TC8"/>
</testsuite> <!-- test.pages.TC8 -->
