<?xml version="1.0" encoding="UTF-8"?>
<!-- Generated by org.testng.reporters.JUnitReportReporter -->
<testsuite skipped="0" hostname="rupesh-PC" name="test.pages.TC9" tests="3" failures="0" timestamp="19 Aug 2020 10:51:57 GMT" time="51.066" errors="0">
  <testcase name="Login" time="26.776" classname="test.pages.TC9"/>
  <testcase name="ScreenCapture" time="16.001" classname="test.pages.TC9"/>
  <testcase name="takeScreenshot" time="8.289" classname="test.pages.TC9"/>
</testsuite> <!-- test.pages.TC9 -->
