<?xml version="1.0" encoding="UTF-8"?>
<!-- Generated by org.testng.reporters.JUnitReportReporter -->
<testsuite skipped="0" hostname="rupesh-PC" name="test.pages.TC10" tests="1" failures="0" timestamp="17 Aug 2020 09:40:04 GMT" time="0.117" errors="0">
  <testcase name="VerifyLogo" time="0.117" classname="test.pages.TC10"/>
</testsuite> <!-- test.pages.TC10 -->
