<?xml version="1.0" encoding="UTF-8"?>
<!-- Generated by org.testng.reporters.JUnitReportReporter -->
<testsuite skipped="0" hostname="rupesh-PC" name="com.pages.Login" tests="1" failures="0" timestamp="16 Aug 2020 15:41:58 GMT" time="31.379" errors="0">
  <testcase name="Logint" time="31.379" classname="com.pages.Login"/>
</testsuite> <!-- com.pages.Login -->
