<?xml version="1.0" encoding="UTF-8"?>
<!-- Generated by org.testng.reporters.JUnitReportReporter -->
<testsuite skipped="0" hostname="rupesh-PC" name="test.pages.TC5" tests="2" failures="0" timestamp="19 Aug 2020 10:14:29 GMT" time="25.184" errors="0">
  <testcase name="Login" time="12.810" classname="test.pages.TC5"/>
  <testcase name="VerifyOptions" time="12.374" classname="test.pages.TC5"/>
</testsuite> <!-- test.pages.TC5 -->
