<?xml version="1.0" encoding="UTF-8"?>
<!-- Generated by org.testng.reporters.JUnitReportReporter -->
<testsuite skipped="0" hostname="rupesh-PC" name="com.pages.CheckBoX" tests="1" failures="0" timestamp="06 Jul 2020 12:33:53 GMT" time="47.114" errors="0">
  <testcase name="verifyCheckBox" time="47.114" classname="com.pages.CheckBoX"/>
</testsuite> <!-- com.pages.CheckBoX -->
