<?xml version="1.0" encoding="UTF-8"?>
<!-- Generated by org.testng.reporters.JUnitReportReporter -->
<testsuite skipped="0" hostname="rupesh-PC" name="test.pages.Login" tests="1" failures="0" timestamp="17 Aug 2020 19:01:20 GMT" time="21.348" errors="0">
  <testcase name="Logint" time="21.348" classname="test.pages.Login"/>
</testsuite> <!-- test.pages.Login -->
