<?xml version="1.0" encoding="UTF-8"?>
<!-- Generated by org.testng.reporters.JUnitReportReporter -->
<testsuite skipped="0" hostname="rupesh-PC" name="test.pages.TC3" tests="2" failures="0" timestamp="19 Aug 2020 13:12:01 GMT" time="35.491" errors="0">
  <testcase name="Login" time="12.296" classname="test.pages.TC3"/>
  <testcase name="VerifyFlights" time="23.195" classname="test.pages.TC3"/>
</testsuite> <!-- test.pages.TC3 -->
