<?xml version="1.0" encoding="UTF-8"?>
<!-- Generated by org.testng.reporters.JUnitReportReporter -->
<testsuite skipped="0" hostname="rupesh-PC" name="test.pages.TC1" tests="1" failures="0" timestamp="19 Aug 2020 13:39:15 GMT" time="68.526" errors="0">
  <testcase name="Login" time="68.526" classname="test.pages.TC1"/>
</testsuite> <!-- test.pages.TC1 -->
