<?xml version="1.0" encoding="UTF-8"?>
<!-- Generated by org.testng.reporters.JUnitReportReporter -->
<testsuite skipped="0" hostname="rupesh-PC" name="com.pages.Locator" tests="1" failures="0" timestamp="09 Jul 2020 13:16:05 GMT" time="37.234" errors="0">
  <testcase name="Verifyauthentication" time="37.234" classname="com.pages.Locator"/>
</testsuite> <!-- com.pages.Locator -->
