<?xml version="1.0" encoding="UTF-8"?>
<!-- Generated by org.testng.reporters.JUnitReportReporter -->
<testsuite skipped="0" hostname="rupesh-PC" name="com.pages.links" tests="1" failures="0" timestamp="01 Aug 2020 18:24:59 GMT" time="6.198" errors="0">
  <testcase name="Test" time="6.198" classname="com.pages.links"/>
</testsuite> <!-- com.pages.links -->
