<?xml version="1.0" encoding="UTF-8"?>
<!-- Generated by org.testng.reporters.JUnitReportReporter -->
<testsuite skipped="0" hostname="rupesh-PC" name="test.pages.TC4" tests="2" failures="0" timestamp="19 Aug 2020 14:05:24 GMT" time="65.680" errors="0">
  <testcase name="Login" time="26.497" classname="test.pages.TC4"/>
  <testcase name="VerifyErrors" time="39.183" classname="test.pages.TC4"/>
</testsuite> <!-- test.pages.TC4 -->
