<?xml version="1.0" encoding="UTF-8"?>
<!-- Generated by org.testng.reporters.JUnitReportReporter -->
<testsuite skipped="0" hostname="rupesh-PC" name="com.pages.TestCase4" tests="1" failures="0" timestamp="16 Aug 2020 14:37:39 GMT" time="20.056" errors="0">
  <testcase name="Logint" time="20.056" classname="com.pages.TestCase4"/>
</testsuite> <!-- com.pages.TestCase4 -->
